* ******************************************************************************

* iCEcube Placer

* Version:            2020.12.27943

* Build Date:         Dec  9 2020 17:55:50

* File Generated:     Dec 4 2021 00:30:09

* Purpose:            

* Copyright (C) 2006-2010 by Lattice Semiconductor Corp. All rights reserved.

* ******************************************************************************

Executing : C:\lscc\iCEcube2.2020.12\sbt_backend\bin\win32\opt\sbtplacer.exe --des-lib C:/Users/thollis/Google Drive/Verilog/WS2812_NON_CONFIGURABLE_NEW_MUX/WS2812_Implmnt\sbt\netlist\oadb-top --outdir C:/Users/thollis/Google Drive/Verilog/WS2812_NON_CONFIGURABLE_NEW_MUX/WS2812_Implmnt\sbt\outputs\placer --device-file C:\lscc\iCEcube2.2020.12\sbt_backend\devices\ICE40T01.dev --package SWG16 --deviceMarketName iCE40UL640 --sdc-file C:/Users/thollis/Google Drive/Verilog/WS2812_NON_CONFIGURABLE_NEW_MUX/WS2812_Implmnt\sbt\Temp/sbt_temp.sdc --lib-file C:\lscc\iCEcube2.2020.12\sbt_backend\devices\ice40BT1K.lib --effort_level std --out-sdc-file C:/Users/thollis/Google Drive/Verilog/WS2812_NON_CONFIGURABLE_NEW_MUX/WS2812_Implmnt\sbt\outputs\placer\top_pl.sdc
I2004: Option and Settings Summary
=============================================================
Device file          - C:\lscc\iCEcube2.2020.12\sbt_backend\devices\ICE40T01.dev
Package              - SWG16
Design database      - C:/Users/thollis/Google Drive/Verilog/WS2812_NON_CONFIGURABLE_NEW_MUX/WS2812_Implmnt\sbt\netlist\oadb-top
SDC file             - C:/Users/thollis/Google Drive/Verilog/WS2812_NON_CONFIGURABLE_NEW_MUX/WS2812_Implmnt\sbt\Temp/sbt_temp.sdc
Output directory     - C:/Users/thollis/Google Drive/Verilog/WS2812_NON_CONFIGURABLE_NEW_MUX/WS2812_Implmnt\sbt\outputs\placer
Timing library       - C:\lscc\iCEcube2.2020.12\sbt_backend\devices\ice40BT1K.lib
Effort level         - std

I2050: Starting reading inputs for placer
=============================================================
I2100: Reading design library: C:/Users/thollis/Google Drive/Verilog/WS2812_NON_CONFIGURABLE_NEW_MUX/WS2812_Implmnt\sbt\netlist\oadb-top/BFPGA_DESIGN_ep
I2065: Reading device file : C:\lscc\iCEcube2.2020.12\sbt_backend\devices\ICE40T01.dev
I2051: Reading of inputs for placer completed successfully

I2053: Starting placement of the design
=============================================================

Input Design Statistics
    Number of LUTs      	:	555
    Number of DFFs      	:	302
    Number of DFFs packed to IO	:	0
    Number of Carrys    	:	115
    Number of RAMs      	:	14
    Number of ROMs      	:	0
    Number of IOs       	:	1
    Number of GBIOs     	:	0
    Number of GBs       	:	5
    Number of WarmBoot  	:	0
    Number of PLLs      	:	0
    Number of I2CFIFOs      	:	0
    Number of SBIOODs     	:	5
    Number of LEDDAIPs     	:	0
    Number of RGBADRVs     	:	0
    Number of IR400DRVs     	:	0
    Number of IR500DRVs     	:	0
    Number of BARCODEDRVs     	:	0
    Number of IRIPs     	:	0
    Number of LFOSCs     	:	0
    Number of HFOSCs     	:	1
    LUT utilization    	:	555/640


Phase 1
I2077: Start design legalization

Design Legalization Statistics
    Number of feedthru LUTs inserted to legalize input of DFFs     	:	106
    Number of feedthru LUTs inserted for LUTs driving multiple DFFs	:	0
    Number of LUTs replicated for LUTs driving multiple DFFs       	:	25
    Number of feedthru LUTs inserted to legalize output of CARRYs  	:	3
    Number of feedthru LUTs inserted to legalize global signals    	:	0
    Number of feedthru CARRYs inserted to legalize input of CARRYs 	:	1
    Number of inserted LUTs to Legalize IOs with PIN_TYPE= 01xxxx  	:	0
    Number of inserted LUTs to Legalize IOs with PIN_TYPE= 10xxxx  	:	0
    Number of inserted LUTs to Legalize IOs with PIN_TYPE= 11xxxx  	:	0
    Total LUTs inserted                                            	:	134
    Total CARRYs inserted                                          	:	1


I2078: Design legalization is completed successfully
I2088: Phase 1, elapsed time : 0.0 (sec)


Phase 2
I2088: Phase 2, elapsed time : 0.1 (sec)

Phase 3
Info-1409: Inferred clock at OSCInst0/CLKHF

Design Statistics after Packing
    Number of LUTs      	:	690
    Number of DFFs      	:	302
    Number of DFFs packed to IO	:	0
    Number of Carrys    	:	116

Device Utilization Summary after Packing
    Sequential LogicCells
        LUT and DFF      	:	272
        LUT, DFF and CARRY	:	30
    Combinational LogicCells
        Only LUT         	:	307
        CARRY Only       	:	5
        LUT with CARRY   	:	81
    LogicCells                  :	695
    PLBs                        :	97/156
    BRAMs                       :	14/14
    IOs and GBIOs               :	1/5
    PLLs                        :	0/0
    I2CFIFOs                    :	0/1
    SBIOODs                     :	5/5
    RGBADRVs                    :	0/1
    IR400DRVs                   :	0/1
    IR500DRVs                   :	0/1
    BARCODEDRVs                 :	0/1
    IRIPs                       :	0/1
    LEDDAIPs                    :	0/1
    LFOSCs                      :	0/1
    HFOSCs                      :	1/1


I2088: Phase 3, elapsed time : 1.3 (sec)

Phase 4
I2088: Phase 4, elapsed time : 0.1 (sec)

Phase 5
I2088: Phase 5, elapsed time : 3.7 (sec)

Phase 6
I2088: Phase 6, elapsed time : 36.4 (sec)

Final Design Statistics
    Number of LUTs      	:	690
    Number of DFFs      	:	302
    Number of DFFs packed to IO	:	0
    Number of Carrys    	:	116
    Number of RAMs      	:	14
    Number of ROMs      	:	0
    Number of IOs       	:	1
    Number of GBIOs     	:	0
    Number of GBs       	:	5
    Number of WarmBoot  	:	0
    Number of PLLs      	:	0
    Number of I2CFIFOs      	:	0
    Number of SBIOODs     	:	5
    Number of LEDDAIPs     	:	0
    Number of RGBADRVs     	:	0
    Number of IR400DRVs     	:	0
    Number of IR500DRVs     	:	0
    Number of BARCODEDRVs     	:	0
    Number of IRIPs     	:	0
    Number of LFOSCs     	:	0
    Number of HFOSCs     	:	1

Device Utilization Summary
    LogicCells                  :	695
    PLBs                        :	113/156
    BRAMs                       :	14/14
    IOs and GBIOs               :	1/5
    PLLs                        :	0/0
    I2CFIFOs                    :	0/1
    SBIOODs                     :	5/5
    RGBADRVs                    :	0/1
    IR400DRVs                   :	0/1
    IR500DRVs                   :	0/1
    BARCODEDRVs                 :	0/1
    IRIPs                       :	0/1
    LEDDAIPs                    :	0/1
    LFOSCs                      :	0/1
    HFOSCs                      :	1/1



#####################################################################
Placement Timing Summary

The timing summary is based on estimated routing delays after
placement. For final timing report, please carry out the timing
analysis after routing.
=====================================================================

#####################################################################
                     Clock Summary 
=====================================================================
Number of clocks: 1
Clock: OSCInst0/CLKHF | Frequency: 39.93 MHz | Target: 48.00 MHz

=====================================================================
                     End of Clock Summary
#####################################################################

I2054: Placement of design completed successfully

I2076: Placer run-time: 42.4 sec.

