---------------------------------------
Resource Usage Report for top 

Mapping to part: ice40ul640swg16
Cell usage:
GND             18 uses
SB_CARRY        115 uses
SB_DFF          7 uses
SB_DFFE         24 uses
SB_DFFER        211 uses
SB_DFFR         48 uses
SB_DFFS         10 uses
SB_DFFSR        2 uses
SB_GB           5 uses
SB_HFOSC        1 use
SB_IO_OD        5 uses
SB_RAM512x8NR   14 uses
VCC             18 uses
SB_LUT4         555 uses

I/O ports: 6
I/O primitives: 1
SB_IO          1 use

I/O Register bits:                  0
Register bits not including I/Os:   302 (47%)

RAM/ROM usage summary
Block Rams : 14 of 16 (87%)


@S |Mapping Summary:
Total  LUTs: 555 (86%)

Distribution of All Consumed LUTs = LUT4 
Distribution of All Consumed Luts 555 = 555 

